<categories>
	<category id="root">
		<name>Root</name>
		<reference source="unspsc" limit="7" />
	</category>
</categories>