<categories>
	<category id="root">
		<name>Root</name>
		<reference source="unspsc" limit="5" />
	</category>
</categories>