<categories>
	<category id="root">
		<name>Root</name>
		<reference source="paginegialle" />
	</category>
</categories>